{
  "stats": {
    "suites": 2,
    "tests": 6,
    "passes": 6,
    "pending": 0,
    "failures": 0,
    "start": "2021-07-01T12:54:08.268Z",
    "end": "2021-07-01T12:54:39.363Z",
    "duration": 22326,
    "testsRegistered": 6,
    "passPercent": 100,
    "pendingPercent": 0,
    "other": 0,
    "hasOther": false,
    "skipped": 0,
    "hasSkipped": false
  },
  "results": [
    {
      "uuid": "a6776db9-5572-480b-91bd-31aa7c25b1fc",
      "title": "",
      "fullFile": "cypress/integration/secondTest.spec.js",
      "file": "cypress/integration/secondTest.spec.js",
      "beforeHooks": [],
      "afterHooks": [],
      "tests": [],
      "suites": [
        {
          "uuid": "1987ab74-6383-40fa-9757-573122311773",
          "title": "Test log out",
          "fullFile": "",
          "file": "",
          "beforeHooks": [],
          "afterHooks": [],
          "tests": [
            {
              "title": "veryify, user can log out succesfully",
              "fullTitle": "Test log out veryify, user can log out succesfully",
              "timedOut": null,
              "duration": 3291,
              "state": "passed",
              "speed": "slow",
              "pass": true,
              "fail": false,
              "pending": false,
              "context": null,
              "code": "cy.contains('Settings').click();\ncy.contains('Or click here to logout').click();\ncy.get('.navbar-nav').should('contain', 'Sign up');",
              "err": {},
              "uuid": "92fa987f-1a35-42a5-841b-84f3c64cd380",
              "parentUUID": "1987ab74-6383-40fa-9757-573122311773",
              "isHook": false,
              "skipped": false
            }
          ],
          "suites": [],
          "passes": [
            "92fa987f-1a35-42a5-841b-84f3c64cd380"
          ],
          "failures": [],
          "pending": [],
          "skipped": [],
          "duration": 3291,
          "root": false,
          "rootEmpty": false,
          "_timeout": 2000
        }
      ],
      "passes": [],
      "failures": [],
      "pending": [],
      "skipped": [],
      "duration": 0,
      "root": true,
      "rootEmpty": true,
      "_timeout": 2000
    },
    {
      "uuid": "c2649d69-5aba-489e-8982-d4e2b2a74fe4",
      "title": "",
      "fullFile": "cypress/integration/firstTest.spec.js",
      "file": "cypress/integration/firstTest.spec.js",
      "beforeHooks": [],
      "afterHooks": [],
      "tests": [],
      "suites": [
        {
          "uuid": "618e8e2d-ce99-4417-81de-d37e5e56cc84",
          "title": "Test with backend",
          "fullFile": "",
          "file": "",
          "beforeHooks": [],
          "afterHooks": [],
          "tests": [
            {
              "title": "verify correct request and response",
              "fullTitle": "Test with backend verify correct request and response",
              "timedOut": null,
              "duration": 7413,
              "state": "passed",
              "speed": "slow",
              "pass": true,
              "fail": false,
              "pending": false,
              "context": null,
              "code": "//cy.server()\n//cy.route('POST', '**/articles').as('postArticles')\ncy.intercept('POST', '**/articles').as('postArticles');\n_publishPage.onPublishPage.publishArticle('This is a title', 'This is a description', 'This is a body');\ncy.wait('@postArticles').then(xhr => {\n  console.log(xhr);\n  expect(xhr.response.statusCode).to.equal(200);\n  expect(xhr.request.body.article.body).to.equal('This is a body');\n  expect(xhr.response.body.article.description).to.equal('This is a description');\n});\n/*cy.wait('@postArticles').should(({ request, response }) => {\n    console.log(request.statusCode)\n    expect(response.statusCode).to.equal(200)\n    expect(request.body.article.body).to.equal('This is a body')\n    expect(response.body.article.description).to.equal('This is a description')\n})*/",
              "err": {},
              "uuid": "82222ec8-b361-4be8-8a21-e8c47201abd6",
              "parentUUID": "618e8e2d-ce99-4417-81de-d37e5e56cc84",
              "isHook": false,
              "skipped": false
            },
            {
              "title": "intercepting and modifying the request and response",
              "fullTitle": "Test with backend intercepting and modifying the request and response",
              "timedOut": null,
              "duration": 3361,
              "state": "passed",
              "speed": "slow",
              "pass": true,
              "fail": false,
              "pending": false,
              "context": null,
              "code": "// cy.intercept('POST', '**/articles', (req) => {\n//     req.body.article.description = \"This is a description 2\"\n// }).as('postArticles')\ncy.intercept('POST', '**/articles', req => {\n  req.reply(res => {\n    expect(res.body.article.description).to.equal('This is a description');\n    res.body.article.description = \"This is a description 2\";\n  });\n}).as('postArticles');\n_publishPage.onPublishPage.publishArticle('This is a title', 'This is a description', 'This is a body');\ncy.wait('@postArticles').then(xhr => {\n  console.log(xhr);\n  expect(xhr.response.statusCode).to.equal(200);\n  expect(xhr.request.body.article.body).to.equal('This is a body');\n  expect(xhr.response.body.article.description).to.equal('This is a description 2');\n});",
              "err": {},
              "uuid": "bfbe7cd4-c7f7-4fc5-9458-0291d9d639b3",
              "parentUUID": "618e8e2d-ce99-4417-81de-d37e5e56cc84",
              "isHook": false,
              "skipped": false
            },
            {
              "title": "should give tags with route objects",
              "fullTitle": "Test with backend should give tags with route objects",
              "timedOut": null,
              "duration": 1218,
              "state": "passed",
              "speed": "slow",
              "pass": true,
              "fail": false,
              "pending": false,
              "context": null,
              "code": "cy.get('.tag-list').should('contain', 'cypress').and('contain', 'automation').and('contain', 'testing');",
              "err": {},
              "uuid": "558d5980-fa6d-4cbf-b2dc-525f0ed05fb9",
              "parentUUID": "618e8e2d-ce99-4417-81de-d37e5e56cc84",
              "isHook": false,
              "skipped": false
            },
            {
              "title": "verify global feed likes count",
              "fullTitle": "Test with backend verify global feed likes count",
              "timedOut": null,
              "duration": 2190,
              "state": "passed",
              "speed": "slow",
              "pass": true,
              "fail": false,
              "pending": false,
              "context": null,
              "code": "cy.intercept('GET', '**/articles/feed*', {\n  \"articles\": [],\n  \"articlesCount\": 0\n});\ncy.intercept('GET', '**/articles*', {\n  fixture: 'articles.json'\n});\ncy.contains('Global Feed').click();\ncy.get('app-article-list button').then(listOfButtons => {\n  expect(listOfButtons[0]).to.contain('1');\n  expect(listOfButtons[1]).to.contain('5');\n});\ncy.fixture('articles').then(file => {\n  const articleLink = file.articles[0].slug;\n  cy.intercept('POST', '**/articles/' + articleLink + 'favorite', {\n    file\n  });\n});\ncy.get('app-article-list button').eq(0).click().should('contain', '2');",
              "err": {},
              "uuid": "250120a1-5be3-43ed-9dd3-8dafb7dcdc75",
              "parentUUID": "618e8e2d-ce99-4417-81de-d37e5e56cc84",
              "isHook": false,
              "skipped": false
            },
            {
              "title": "delete new article in global feed",
              "fullTitle": "Test with backend delete new article in global feed",
              "timedOut": null,
              "duration": 4853,
              "state": "passed",
              "speed": "slow",
              "pass": true,
              "fail": false,
              "pending": false,
              "context": null,
              "code": "const bodyRequest = {\n  \"tagList\": [],\n  \"title\": \"Request from API\",\n  \"description\": \"API testing is easy\",\n  \"body\": \"Angular is cool\"\n}; //cy.request('POST', 'https://conduit.productionready.io/api/users/login', userCredentials)\n//.its('body')\ncy.get('@token').then(token => {\n  cy.request({\n    url: Cypress.env('apiUrl') + 'api/articles/',\n    headers: {\n      'Authorization': 'Token ' + token\n    },\n    method: 'POST',\n    body: bodyRequest\n  }).then(response => {\n    expect(response.status).to.equal(200);\n  });\n  cy.contains('Global Feed').click();\n  cy.get('.article-preview').first().click();\n  cy.get('.article-actions').contains('Delete Article').click();\n  cy.request({\n    url: Cypress.env('apiUrl') + 'api/articles?limit=10&offset=0',\n    headers: {\n      'Authorization': 'Token ' + token\n    },\n    method: 'GET'\n  }).its('body').then($body => {\n    console.log($body);\n    expect($body.articles[0].title).not.to.equal('Request from API');\n  });\n});",
              "err": {},
              "uuid": "645b9f72-a588-43f0-8de7-ce3c12b69544",
              "parentUUID": "618e8e2d-ce99-4417-81de-d37e5e56cc84",
              "isHook": false,
              "skipped": false
            }
          ],
          "suites": [],
          "passes": [
            "82222ec8-b361-4be8-8a21-e8c47201abd6",
            "bfbe7cd4-c7f7-4fc5-9458-0291d9d639b3",
            "558d5980-fa6d-4cbf-b2dc-525f0ed05fb9",
            "250120a1-5be3-43ed-9dd3-8dafb7dcdc75",
            "645b9f72-a588-43f0-8de7-ce3c12b69544"
          ],
          "failures": [],
          "pending": [],
          "skipped": [],
          "duration": 19035,
          "root": false,
          "rootEmpty": false,
          "_timeout": 2000
        }
      ],
      "passes": [],
      "failures": [],
      "pending": [],
      "skipped": [],
      "duration": 0,
      "root": true,
      "rootEmpty": true,
      "_timeout": 2000
    }
  ],
  "meta": {
    "mocha": {
      "version": "7.0.1"
    },
    "mochawesome": {
      "options": {
        "quiet": false,
        "reportFilename": "mochawesome",
        "saveHtml": false,
        "saveJson": true,
        "consoleReporter": "spec",
        "useInlineDiffs": false,
        "code": true
      },
      "version": "6.2.2"
    },
    "marge": {
      "options": {
        "id": "default",
        "reportDir": "cypress/results/mochawesome",
        "overwrite": false,
        "html": false,
        "json": true
      },
      "version": "5.2.0"
    }
  }
}