<?xml version="1.0" encoding="UTF-8"?>
<testsuites name="Mocha Tests" time="3.1060" tests="1" failures="0">
  <testsuite name="Root Suite" timestamp="2021-06-28T20:15:39" tests="0" file="cypress/integration/secondTest.spec.js" time="0.0000" failures="0">
  </testsuite>
  <testsuite name="Test log out" timestamp="2021-06-28T20:15:39" tests="1" time="3.1060" failures="0">
    <testcase name="Test log out veryify, user can log out succesfully" time="3.1060" classname="veryify, user can log out succesfully">
    </testcase>
  </testsuite>
</testsuites>