<?xml version="1.0"?>
<testsuites>
<testsuite name="Root Suite" timestamp="2021-06-28T21:57:43" tests="0" file="cypress/integration/secondTest.spec.js" time="0.0000" failures="0"></testsuite>
<testsuite name="Test log out" timestamp="2021-06-28T21:57:43" tests="1" time="3.6040" failures="0">
  
  <testcase name="Test log out veryify, user can log out succesfully" time="3.6040" classname="veryify, user can log out succesfully"></testcase>
  
</testsuite>

<testsuite name="Root Suite" timestamp="2021-06-28T21:57:18" tests="0" file="cypress/integration/firstTest.spec.js" time="0.0000" failures="0"></testsuite>
<testsuite name="Test with backend" timestamp="2021-06-28T21:57:18" tests="5" time="22.1010" failures="0">
  
  <testcase name="Test with backend verify correct request and response" time="7.6360" classname="verify correct request and response"></testcase>
  
  <testcase name="Test with backend intercepting and modifying the request and response" time="4.1890" classname="intercepting and modifying the request and response"></testcase>
  
  <testcase name="Test with backend should give tags with route objects" time="2.2620" classname="should give tags with route objects"></testcase>
  
  <testcase name="Test with backend verify global feed likes count" time="2.2950" classname="verify global feed likes count"></testcase>
  
  <testcase name="Test with backend delete new article in global feed" time="5.7190" classname="delete new article in global feed"></testcase>
  
</testsuite>

</testsuites>